  28.08.2015.cpp
  28.08.2015View.cpp
C:\Users\Marko Miloradovic\OneDrive\Radna površina\Grafika - Zadaci\28.08.2015\28.08.2015\28.08.2015View.cpp(52,23): warning C4244: 'argument': conversion from 'int' to 'float', possible loss of data
C:\Users\Marko Miloradovic\OneDrive\Radna površina\Grafika - Zadaci\28.08.2015\28.08.2015\28.08.2015View.cpp(52,17): warning C4244: 'argument': conversion from 'int' to 'float', possible loss of data
C:\Users\Marko Miloradovic\OneDrive\Radna površina\Grafika - Zadaci\28.08.2015\28.08.2015\28.08.2015View.cpp(65,24): warning C4244: 'argument': conversion from 'double' to 'int', possible loss of data
C:\Users\Marko Miloradovic\OneDrive\Radna površina\Grafika - Zadaci\28.08.2015\28.08.2015\28.08.2015View.cpp(66,35): warning C4244: 'argument': conversion from 'double' to 'int', possible loss of data
C:\Users\Marko Miloradovic\OneDrive\Radna površina\Grafika - Zadaci\28.08.2015\28.08.2015\28.08.2015View.cpp(69,40): warning C4244: 'argument': conversion from 'double' to 'int', possible loss of data
C:\Users\Marko Miloradovic\OneDrive\Radna površina\Grafika - Zadaci\28.08.2015\28.08.2015\28.08.2015View.cpp(69,23): warning C4244: 'argument': conversion from 'double' to 'int', possible loss of data
C:\Users\Marko Miloradovic\OneDrive\Radna površina\Grafika - Zadaci\28.08.2015\28.08.2015\28.08.2015View.cpp(70,24): warning C4244: 'argument': conversion from 'double' to 'int', possible loss of data
C:\Users\Marko Miloradovic\OneDrive\Radna površina\Grafika - Zadaci\28.08.2015\28.08.2015\28.08.2015View.cpp(71,23): warning C4244: 'argument': conversion from 'double' to 'int', possible loss of data
C:\Users\Marko Miloradovic\OneDrive\Radna površina\Grafika - Zadaci\28.08.2015\28.08.2015\28.08.2015View.cpp(72,40): warning C4244: 'argument': conversion from 'double' to 'int', possible loss of data
C:\Users\Marko Miloradovic\OneDrive\Radna površina\Grafika - Zadaci\28.08.2015\28.08.2015\28.08.2015View.cpp(72,23): warning C4244: 'argument': conversion from 'double' to 'int', possible loss of data
C:\Users\Marko Miloradovic\OneDrive\Radna površina\Grafika - Zadaci\28.08.2015\28.08.2015\28.08.2015View.cpp(94,23): warning C4244: 'argument': conversion from 'int' to 'float', possible loss of data
C:\Users\Marko Miloradovic\OneDrive\Radna površina\Grafika - Zadaci\28.08.2015\28.08.2015\28.08.2015View.cpp(94,17): warning C4244: 'argument': conversion from 'int' to 'float', possible loss of data
C:\Users\Marko Miloradovic\OneDrive\Radna površina\Grafika - Zadaci\28.08.2015\28.08.2015\28.08.2015View.cpp(106,47): warning C4244: 'argument': conversion from 'double' to 'int', possible loss of data
C:\Users\Marko Miloradovic\OneDrive\Radna površina\Grafika - Zadaci\28.08.2015\28.08.2015\28.08.2015View.cpp(107,48): warning C4244: 'argument': conversion from 'double' to 'int', possible loss of data
C:\Users\Marko Miloradovic\OneDrive\Radna površina\Grafika - Zadaci\28.08.2015\28.08.2015\28.08.2015View.cpp(108,51): warning C4244: 'argument': conversion from 'double' to 'int', possible loss of data
C:\Users\Marko Miloradovic\OneDrive\Radna površina\Grafika - Zadaci\28.08.2015\28.08.2015\28.08.2015View.cpp(124,23): warning C4244: 'argument': conversion from 'int' to 'float', possible loss of data
C:\Users\Marko Miloradovic\OneDrive\Radna površina\Grafika - Zadaci\28.08.2015\28.08.2015\28.08.2015View.cpp(124,17): warning C4244: 'argument': conversion from 'int' to 'float', possible loss of data
C:\Users\Marko Miloradovic\OneDrive\Radna površina\Grafika - Zadaci\28.08.2015\28.08.2015\28.08.2015View.cpp(130,116): warning C4244: 'argument': conversion from 'double' to 'int', possible loss of data
C:\Users\Marko Miloradovic\OneDrive\Radna površina\Grafika - Zadaci\28.08.2015\28.08.2015\28.08.2015View.cpp(130,30): warning C4244: 'argument': conversion from 'double' to 'int', possible loss of data
C:\Users\Marko Miloradovic\OneDrive\Radna površina\Grafika - Zadaci\28.08.2015\28.08.2015\28.08.2015View.cpp(131,21): warning C4244: 'argument': conversion from 'double' to 'int', possible loss of data
C:\Users\Marko Miloradovic\OneDrive\Radna površina\Grafika - Zadaci\28.08.2015\28.08.2015\28.08.2015View.cpp(132,18): warning C4244: 'argument': conversion from 'double' to 'int', possible loss of data
C:\Users\Marko Miloradovic\OneDrive\Radna površina\Grafika - Zadaci\28.08.2015\28.08.2015\28.08.2015View.cpp(133,21): warning C4244: 'argument': conversion from 'double' to 'int', possible loss of data
C:\Users\Marko Miloradovic\OneDrive\Radna površina\Grafika - Zadaci\28.08.2015\28.08.2015\28.08.2015View.cpp(134,39): warning C4244: 'argument': conversion from 'double' to 'int', possible loss of data
C:\Users\Marko Miloradovic\OneDrive\Radna površina\Grafika - Zadaci\28.08.2015\28.08.2015\28.08.2015View.cpp(134,19): warning C4244: 'argument': conversion from 'double' to 'int', possible loss of data
C:\Users\Marko Miloradovic\OneDrive\Radna površina\Grafika - Zadaci\28.08.2015\28.08.2015\28.08.2015View.cpp(148,23): warning C4244: 'argument': conversion from 'int' to 'float', possible loss of data
C:\Users\Marko Miloradovic\OneDrive\Radna površina\Grafika - Zadaci\28.08.2015\28.08.2015\28.08.2015View.cpp(148,17): warning C4244: 'argument': conversion from 'int' to 'float', possible loss of data
C:\Users\Marko Miloradovic\OneDrive\Radna površina\Grafika - Zadaci\28.08.2015\28.08.2015\28.08.2015View.cpp(158,45): warning C4244: 'argument': conversion from 'double' to 'int', possible loss of data
C:\Users\Marko Miloradovic\OneDrive\Radna površina\Grafika - Zadaci\28.08.2015\28.08.2015\28.08.2015View.cpp(158,25): warning C4244: 'argument': conversion from 'double' to 'int', possible loss of data
C:\Users\Marko Miloradovic\OneDrive\Radna površina\Grafika - Zadaci\28.08.2015\28.08.2015\28.08.2015View.cpp(160,40): warning C4244: 'argument': conversion from 'double' to 'int', possible loss of data
C:\Users\Marko Miloradovic\OneDrive\Radna površina\Grafika - Zadaci\28.08.2015\28.08.2015\28.08.2015View.cpp(160,19): warning C4244: 'argument': conversion from 'double' to 'int', possible loss of data
C:\Users\Marko Miloradovic\OneDrive\Radna površina\Grafika - Zadaci\28.08.2015\28.08.2015\28.08.2015View.cpp(188,24): warning C4244: 'argument': conversion from 'float' to 'int', possible loss of data
C:\Users\Marko Miloradovic\OneDrive\Radna površina\Grafika - Zadaci\28.08.2015\28.08.2015\28.08.2015View.cpp(188,21): warning C4244: 'argument': conversion from 'float' to 'int', possible loss of data
C:\Users\Marko Miloradovic\OneDrive\Radna površina\Grafika - Zadaci\28.08.2015\28.08.2015\28.08.2015View.cpp(195,45): warning C4244: 'argument': conversion from 'double' to 'int', possible loss of data
C:\Users\Marko Miloradovic\OneDrive\Radna površina\Grafika - Zadaci\28.08.2015\28.08.2015\28.08.2015View.cpp(195,37): warning C4244: 'argument': conversion from 'double' to 'int', possible loss of data
C:\Users\Marko Miloradovic\OneDrive\Radna površina\Grafika - Zadaci\28.08.2015\28.08.2015\28.08.2015View.cpp(195,29): warning C4244: 'argument': conversion from 'double' to 'int', possible loss of data
C:\Users\Marko Miloradovic\OneDrive\Radna površina\Grafika - Zadaci\28.08.2015\28.08.2015\28.08.2015View.cpp(195,21): warning C4244: 'argument': conversion from 'double' to 'int', possible loss of data
C:\Users\Marko Miloradovic\OneDrive\Radna površina\Grafika - Zadaci\28.08.2015\28.08.2015\28.08.2015View.cpp(197,86): warning C4244: 'argument': conversion from 'double' to 'int', possible loss of data
C:\Users\Marko Miloradovic\OneDrive\Radna površina\Grafika - Zadaci\28.08.2015\28.08.2015\28.08.2015View.cpp(197,75): warning C4244: 'argument': conversion from 'double' to 'int', possible loss of data
C:\Users\Marko Miloradovic\OneDrive\Radna površina\Grafika - Zadaci\28.08.2015\28.08.2015\28.08.2015View.cpp(197,63): warning C4244: 'argument': conversion from 'double' to 'int', possible loss of data
C:\Users\Marko Miloradovic\OneDrive\Radna površina\Grafika - Zadaci\28.08.2015\28.08.2015\28.08.2015View.cpp(197,52): warning C4244: 'argument': conversion from 'double' to 'int', possible loss of data
C:\Users\Marko Miloradovic\OneDrive\Radna površina\Grafika - Zadaci\28.08.2015\28.08.2015\28.08.2015View.cpp(199,15): warning C4244: '=': conversion from 'double' to 'int', possible loss of data
C:\Users\Marko Miloradovic\OneDrive\Radna površina\Grafika - Zadaci\28.08.2015\28.08.2015\28.08.2015View.cpp(200,13): warning C4244: '=': conversion from 'double' to 'int', possible loss of data
C:\Users\Marko Miloradovic\OneDrive\Radna površina\Grafika - Zadaci\28.08.2015\28.08.2015\28.08.2015View.cpp(201,16): warning C4244: '=': conversion from 'double' to 'int', possible loss of data
C:\Users\Marko Miloradovic\OneDrive\Radna površina\Grafika - Zadaci\28.08.2015\28.08.2015\28.08.2015View.cpp(203,66): warning C4244: 'argument': conversion from 'double' to 'int', possible loss of data
C:\Users\Marko Miloradovic\OneDrive\Radna površina\Grafika - Zadaci\28.08.2015\28.08.2015\28.08.2015View.cpp(203,55): warning C4244: 'argument': conversion from 'double' to 'int', possible loss of data
C:\Users\Marko Miloradovic\OneDrive\Radna površina\Grafika - Zadaci\28.08.2015\28.08.2015\28.08.2015View.cpp(203,43): warning C4244: 'argument': conversion from 'double' to 'int', possible loss of data
C:\Users\Marko Miloradovic\OneDrive\Radna površina\Grafika - Zadaci\28.08.2015\28.08.2015\28.08.2015View.cpp(203,32): warning C4244: 'argument': conversion from 'double' to 'int', possible loss of data
C:\Users\Marko Miloradovic\OneDrive\Radna površina\Grafika - Zadaci\28.08.2015\28.08.2015\28.08.2015View.cpp(204,65): warning C4244: 'argument': conversion from 'double' to 'int', possible loss of data
C:\Users\Marko Miloradovic\OneDrive\Radna površina\Grafika - Zadaci\28.08.2015\28.08.2015\28.08.2015View.cpp(204,54): warning C4244: 'argument': conversion from 'double' to 'int', possible loss of data
C:\Users\Marko Miloradovic\OneDrive\Radna površina\Grafika - Zadaci\28.08.2015\28.08.2015\28.08.2015View.cpp(204,42): warning C4244: 'argument': conversion from 'double' to 'int', possible loss of data
C:\Users\Marko Miloradovic\OneDrive\Radna površina\Grafika - Zadaci\28.08.2015\28.08.2015\28.08.2015View.cpp(204,31): warning C4244: 'argument': conversion from 'double' to 'int', possible loss of data
C:\Users\Marko Miloradovic\OneDrive\Radna površina\Grafika - Zadaci\28.08.2015\28.08.2015\28.08.2015View.cpp(205,66): warning C4244: 'argument': conversion from 'double' to 'int', possible loss of data
C:\Users\Marko Miloradovic\OneDrive\Radna površina\Grafika - Zadaci\28.08.2015\28.08.2015\28.08.2015View.cpp(205,55): warning C4244: 'argument': conversion from 'double' to 'int', possible loss of data
C:\Users\Marko Miloradovic\OneDrive\Radna površina\Grafika - Zadaci\28.08.2015\28.08.2015\28.08.2015View.cpp(205,43): warning C4244: 'argument': conversion from 'double' to 'int', possible loss of data
C:\Users\Marko Miloradovic\OneDrive\Radna površina\Grafika - Zadaci\28.08.2015\28.08.2015\28.08.2015View.cpp(205,32): warning C4244: 'argument': conversion from 'double' to 'int', possible loss of data
C:\Users\Marko Miloradovic\OneDrive\Radna površina\Grafika - Zadaci\28.08.2015\28.08.2015\28.08.2015View.cpp(206,70): warning C4244: 'argument': conversion from 'double' to 'int', possible loss of data
C:\Users\Marko Miloradovic\OneDrive\Radna površina\Grafika - Zadaci\28.08.2015\28.08.2015\28.08.2015View.cpp(206,59): warning C4244: 'argument': conversion from 'double' to 'int', possible loss of data
C:\Users\Marko Miloradovic\OneDrive\Radna površina\Grafika - Zadaci\28.08.2015\28.08.2015\28.08.2015View.cpp(206,47): warning C4244: 'argument': conversion from 'double' to 'int', possible loss of data
C:\Users\Marko Miloradovic\OneDrive\Radna površina\Grafika - Zadaci\28.08.2015\28.08.2015\28.08.2015View.cpp(206,36): warning C4244: 'argument': conversion from 'double' to 'int', possible loss of data
C:\Users\Marko Miloradovic\OneDrive\Radna površina\Grafika - Zadaci\28.08.2015\28.08.2015\28.08.2015View.cpp(218,24): warning C4244: 'argument': conversion from 'double' to 'int', possible loss of data
C:\Users\Marko Miloradovic\OneDrive\Radna površina\Grafika - Zadaci\28.08.2015\28.08.2015\28.08.2015View.cpp(222,30): warning C4244: 'argument': conversion from 'double' to 'int', possible loss of data
C:\Users\Marko Miloradovic\OneDrive\Radna površina\Grafika - Zadaci\28.08.2015\28.08.2015\28.08.2015View.cpp(222,19): warning C4244: 'argument': conversion from 'double' to 'int', possible loss of data
  Generating Code...
  28.08.2015.vcxproj -> C:\Users\Marko Miloradovic\OneDrive\Radna površina\Grafika - Zadaci\28.08.2015\Debug\28.08.2015.exe
