e:\github\gdi\gdi\12.11.2011\12.11.2011\12.11.2011\debug\12.11.2011.pch
e:\github\gdi\gdi\12.11.2011\12.11.2011\12.11.2011\debug\vc142.pdb
e:\github\gdi\gdi\12.11.2011\12.11.2011\12.11.2011\debug\vc142.idb
e:\github\gdi\gdi\12.11.2011\12.11.2011\12.11.2011\debug\pch.obj
e:\github\gdi\gdi\12.11.2011\12.11.2011\12.11.2011\debug\mainfrm.obj
e:\github\gdi\gdi\12.11.2011\12.11.2011\12.11.2011\debug\12.11.2011view.obj
e:\github\gdi\gdi\12.11.2011\12.11.2011\12.11.2011\debug\12.11.2011doc.obj
e:\github\gdi\gdi\12.11.2011\12.11.2011\12.11.2011\debug\12.11.2011.obj
e:\github\gdi\gdi\12.11.2011\12.11.2011\debug\12.11.2011.exe
e:\github\gdi\gdi\12.11.2011\12.11.2011\debug\12.11.2011.ilk
e:\github\gdi\gdi\12.11.2011\12.11.2011\debug\12.11.2011.pdb
e:\github\gdi\gdi\12.11.2011\12.11.2011\12.11.2011\debug\my12112011.res
e:\github\gdi\gdi\12.11.2011\12.11.2011\12.11.2011\debug\12.11.2011.tlog\cl.command.1.tlog
e:\github\gdi\gdi\12.11.2011\12.11.2011\12.11.2011\debug\12.11.2011.tlog\cl.read.1.tlog
e:\github\gdi\gdi\12.11.2011\12.11.2011\12.11.2011\debug\12.11.2011.tlog\cl.write.1.tlog
e:\github\gdi\gdi\12.11.2011\12.11.2011\12.11.2011\debug\12.11.2011.tlog\link.command.1.tlog
e:\github\gdi\gdi\12.11.2011\12.11.2011\12.11.2011\debug\12.11.2011.tlog\link.read.1.tlog
e:\github\gdi\gdi\12.11.2011\12.11.2011\12.11.2011\debug\12.11.2011.tlog\link.write.1.tlog
e:\github\gdi\gdi\12.11.2011\12.11.2011\12.11.2011\debug\12.11.2011.tlog\rc.command.1.tlog
e:\github\gdi\gdi\12.11.2011\12.11.2011\12.11.2011\debug\12.11.2011.tlog\rc.read.1.tlog
e:\github\gdi\gdi\12.11.2011\12.11.2011\12.11.2011\debug\12.11.2011.tlog\rc.write.1.tlog
