  08.12.2012View.cpp
C:\Users\Marko Miloradovic\OneDrive\Radna površina\Grafika - Zadaci\08.12.2012\08.12.2012\08.12.2012\08.12.2012View.cpp(89,23): warning C4244: 'argument': conversion from 'int' to 'float', possible loss of data
C:\Users\Marko Miloradovic\OneDrive\Radna površina\Grafika - Zadaci\08.12.2012\08.12.2012\08.12.2012\08.12.2012View.cpp(89,17): warning C4244: 'argument': conversion from 'int' to 'float', possible loss of data
C:\Users\Marko Miloradovic\OneDrive\Radna površina\Grafika - Zadaci\08.12.2012\08.12.2012\08.12.2012\08.12.2012View.cpp(93,24): warning C4244: 'argument': conversion from 'int' to 'float', possible loss of data
C:\Users\Marko Miloradovic\OneDrive\Radna površina\Grafika - Zadaci\08.12.2012\08.12.2012\08.12.2012\08.12.2012View.cpp(93,17): warning C4244: 'argument': conversion from 'int' to 'float', possible loss of data
C:\Users\Marko Miloradovic\OneDrive\Radna površina\Grafika - Zadaci\08.12.2012\08.12.2012\08.12.2012\08.12.2012View.cpp(98,25): warning C4244: 'argument': conversion from 'int' to 'float', possible loss of data
C:\Users\Marko Miloradovic\OneDrive\Radna površina\Grafika - Zadaci\08.12.2012\08.12.2012\08.12.2012\08.12.2012View.cpp(98,17): warning C4244: 'argument': conversion from 'int' to 'float', possible loss of data
C:\Users\Marko Miloradovic\OneDrive\Radna površina\Grafika - Zadaci\08.12.2012\08.12.2012\08.12.2012\08.12.2012View.cpp(108,24): warning C4244: 'argument': conversion from 'float' to 'int', possible loss of data
C:\Users\Marko Miloradovic\OneDrive\Radna površina\Grafika - Zadaci\08.12.2012\08.12.2012\08.12.2012\08.12.2012View.cpp(108,20): warning C4244: 'argument': conversion from 'float' to 'int', possible loss of data
C:\Users\Marko Miloradovic\OneDrive\Radna površina\Grafika - Zadaci\08.12.2012\08.12.2012\08.12.2012\08.12.2012View.cpp(109,25): warning C4244: 'argument': conversion from 'float' to 'int', possible loss of data
C:\Users\Marko Miloradovic\OneDrive\Radna površina\Grafika - Zadaci\08.12.2012\08.12.2012\08.12.2012\08.12.2012View.cpp(109,20): warning C4244: 'argument': conversion from 'float' to 'int', possible loss of data
C:\Users\Marko Miloradovic\OneDrive\Radna površina\Grafika - Zadaci\08.12.2012\08.12.2012\08.12.2012\08.12.2012View.cpp(110,24): warning C4244: 'argument': conversion from 'float' to 'int', possible loss of data
C:\Users\Marko Miloradovic\OneDrive\Radna površina\Grafika - Zadaci\08.12.2012\08.12.2012\08.12.2012\08.12.2012View.cpp(110,19): warning C4244: 'argument': conversion from 'float' to 'int', possible loss of data
C:\Users\Marko Miloradovic\OneDrive\Radna površina\Grafika - Zadaci\08.12.2012\08.12.2012\08.12.2012\08.12.2012View.cpp(111,23): warning C4244: 'argument': conversion from 'float' to 'int', possible loss of data
C:\Users\Marko Miloradovic\OneDrive\Radna površina\Grafika - Zadaci\08.12.2012\08.12.2012\08.12.2012\08.12.2012View.cpp(111,19): warning C4244: 'argument': conversion from 'float' to 'int', possible loss of data
C:\Users\Marko Miloradovic\OneDrive\Radna površina\Grafika - Zadaci\08.12.2012\08.12.2012\08.12.2012\08.12.2012View.cpp(119,15): warning C4244: 'initializing': conversion from 'int' to 'float', possible loss of data
C:\Users\Marko Miloradovic\OneDrive\Radna površina\Grafika - Zadaci\08.12.2012\08.12.2012\08.12.2012\08.12.2012View.cpp(121,17): warning C4244: 'initializing': conversion from 'double' to 'float', possible loss of data
C:\Users\Marko Miloradovic\OneDrive\Radna površina\Grafika - Zadaci\08.12.2012\08.12.2012\08.12.2012\08.12.2012View.cpp(145,17): warning C4244: 'initializing': conversion from 'int' to 'float', possible loss of data
C:\Users\Marko Miloradovic\OneDrive\Radna površina\Grafika - Zadaci\08.12.2012\08.12.2012\08.12.2012\08.12.2012View.cpp(150,28): warning C4244: 'argument': conversion from 'int' to 'float', possible loss of data
C:\Users\Marko Miloradovic\OneDrive\Radna površina\Grafika - Zadaci\08.12.2012\08.12.2012\08.12.2012\08.12.2012View.cpp(150,24): warning C4244: 'argument': conversion from 'int' to 'float', possible loss of data
C:\Users\Marko Miloradovic\OneDrive\Radna površina\Grafika - Zadaci\08.12.2012\08.12.2012\08.12.2012\08.12.2012View.cpp(153,33): warning C4244: 'argument': conversion from 'double' to 'float', possible loss of data
C:\Users\Marko Miloradovic\OneDrive\Radna površina\Grafika - Zadaci\08.12.2012\08.12.2012\08.12.2012\08.12.2012View.cpp(153,19): warning C4244: 'argument': conversion from 'double' to 'float', possible loss of data
C:\Users\Marko Miloradovic\OneDrive\Radna površina\Grafika - Zadaci\08.12.2012\08.12.2012\08.12.2012\08.12.2012View.cpp(157,64): warning C4244: 'argument': conversion from 'float' to 'int', possible loss of data
C:\Users\Marko Miloradovic\OneDrive\Radna površina\Grafika - Zadaci\08.12.2012\08.12.2012\08.12.2012\08.12.2012View.cpp(157,49): warning C4244: 'argument': conversion from 'float' to 'int', possible loss of data
C:\Users\Marko Miloradovic\OneDrive\Radna površina\Grafika - Zadaci\08.12.2012\08.12.2012\08.12.2012\08.12.2012View.cpp(157,34): warning C4244: 'argument': conversion from 'float' to 'int', possible loss of data
C:\Users\Marko Miloradovic\OneDrive\Radna površina\Grafika - Zadaci\08.12.2012\08.12.2012\08.12.2012\08.12.2012View.cpp(157,18): warning C4244: 'argument': conversion from 'float' to 'int', possible loss of data
C:\Users\Marko Miloradovic\OneDrive\Radna površina\Grafika - Zadaci\08.12.2012\08.12.2012\08.12.2012\08.12.2012View.cpp(160,48): warning C4244: 'argument': conversion from 'float' to 'int', possible loss of data
C:\Users\Marko Miloradovic\OneDrive\Radna površina\Grafika - Zadaci\08.12.2012\08.12.2012\08.12.2012\08.12.2012View.cpp(160,40): warning C4244: 'argument': conversion from 'float' to 'int', possible loss of data
C:\Users\Marko Miloradovic\OneDrive\Radna površina\Grafika - Zadaci\08.12.2012\08.12.2012\08.12.2012\08.12.2012View.cpp(160,32): warning C4244: 'argument': conversion from 'float' to 'int', possible loss of data
C:\Users\Marko Miloradovic\OneDrive\Radna površina\Grafika - Zadaci\08.12.2012\08.12.2012\08.12.2012\08.12.2012View.cpp(160,23): warning C4244: 'argument': conversion from 'float' to 'int', possible loss of data
C:\Users\Marko Miloradovic\OneDrive\Radna površina\Grafika - Zadaci\08.12.2012\08.12.2012\08.12.2012\08.12.2012View.cpp(175,28): warning C4244: 'argument': conversion from 'float' to 'int', possible loss of data
C:\Users\Marko Miloradovic\OneDrive\Radna površina\Grafika - Zadaci\08.12.2012\08.12.2012\08.12.2012\08.12.2012View.cpp(203,17): warning C4244: '=': conversion from 'double' to 'FLOAT', possible loss of data
C:\Users\Marko Miloradovic\OneDrive\Radna površina\Grafika - Zadaci\08.12.2012\08.12.2012\08.12.2012\08.12.2012View.cpp(204,17): warning C4244: '=': conversion from 'double' to 'FLOAT', possible loss of data
C:\Users\Marko Miloradovic\OneDrive\Radna površina\Grafika - Zadaci\08.12.2012\08.12.2012\08.12.2012\08.12.2012View.cpp(205,14): warning C4244: '=': conversion from 'double' to 'FLOAT', possible loss of data
C:\Users\Marko Miloradovic\OneDrive\Radna površina\Grafika - Zadaci\08.12.2012\08.12.2012\08.12.2012\08.12.2012View.cpp(206,17): warning C4244: '=': conversion from 'double' to 'FLOAT', possible loss of data
C:\Users\Marko Miloradovic\OneDrive\Radna površina\Grafika - Zadaci\08.12.2012\08.12.2012\08.12.2012\08.12.2012View.cpp(214,17): warning C4244: '=': conversion from 'double' to 'FLOAT', possible loss of data
C:\Users\Marko Miloradovic\OneDrive\Radna površina\Grafika - Zadaci\08.12.2012\08.12.2012\08.12.2012\08.12.2012View.cpp(215,17): warning C4244: '=': conversion from 'double' to 'FLOAT', possible loss of data
C:\Users\Marko Miloradovic\OneDrive\Radna površina\Grafika - Zadaci\08.12.2012\08.12.2012\08.12.2012\08.12.2012View.cpp(216,14): warning C4244: '=': conversion from 'double' to 'FLOAT', possible loss of data
C:\Users\Marko Miloradovic\OneDrive\Radna površina\Grafika - Zadaci\08.12.2012\08.12.2012\08.12.2012\08.12.2012View.cpp(217,17): warning C4244: '=': conversion from 'double' to 'FLOAT', possible loss of data
C:\Users\Marko Miloradovic\OneDrive\Radna površina\Grafika - Zadaci\08.12.2012\08.12.2012\08.12.2012\08.12.2012View.cpp(218,15): warning C4244: '=': conversion from 'double' to 'FLOAT', possible loss of data
C:\Users\Marko Miloradovic\OneDrive\Radna površina\Grafika - Zadaci\08.12.2012\08.12.2012\08.12.2012\08.12.2012View.cpp(219,15): warning C4244: '=': conversion from 'double' to 'FLOAT', possible loss of data
  08.12.2012.vcxproj -> C:\Users\Marko Miloradovic\OneDrive\Radna površina\Grafika - Zadaci\08.12.2012\08.12.2012\Debug\08.12.2012.exe
