  04.12.2009View.cpp
C:\Users\Marko Miloradovic\OneDrive\Radna površina\Grafika - Zadaci\04.12.2009\04.12.2009\04.12.2009View.cpp(116,73): warning C4244: 'argument': conversion from 'double' to 'int', possible loss of data
C:\Users\Marko Miloradovic\OneDrive\Radna površina\Grafika - Zadaci\04.12.2009\04.12.2009\04.12.2009View.cpp(116,52): warning C4244: 'argument': conversion from 'double' to 'int', possible loss of data
C:\Users\Marko Miloradovic\OneDrive\Radna površina\Grafika - Zadaci\04.12.2009\04.12.2009\04.12.2009View.cpp(116,30): warning C4244: 'argument': conversion from 'double' to 'int', possible loss of data
C:\Users\Marko Miloradovic\OneDrive\Radna površina\Grafika - Zadaci\04.12.2009\04.12.2009\04.12.2009View.cpp(117,73): warning C4244: 'argument': conversion from 'double' to 'int', possible loss of data
C:\Users\Marko Miloradovic\OneDrive\Radna površina\Grafika - Zadaci\04.12.2009\04.12.2009\04.12.2009View.cpp(117,52): warning C4244: 'argument': conversion from 'double' to 'int', possible loss of data
C:\Users\Marko Miloradovic\OneDrive\Radna površina\Grafika - Zadaci\04.12.2009\04.12.2009\04.12.2009View.cpp(117,30): warning C4244: 'argument': conversion from 'double' to 'int', possible loss of data
C:\Users\Marko Miloradovic\OneDrive\Radna površina\Grafika - Zadaci\04.12.2009\04.12.2009\04.12.2009View.cpp(119,73): warning C4244: 'argument': conversion from 'double' to 'int', possible loss of data
C:\Users\Marko Miloradovic\OneDrive\Radna površina\Grafika - Zadaci\04.12.2009\04.12.2009\04.12.2009View.cpp(119,52): warning C4244: 'argument': conversion from 'double' to 'int', possible loss of data
C:\Users\Marko Miloradovic\OneDrive\Radna površina\Grafika - Zadaci\04.12.2009\04.12.2009\04.12.2009View.cpp(119,30): warning C4244: 'argument': conversion from 'double' to 'int', possible loss of data
C:\Users\Marko Miloradovic\OneDrive\Radna površina\Grafika - Zadaci\04.12.2009\04.12.2009\04.12.2009View.cpp(120,73): warning C4244: 'argument': conversion from 'double' to 'int', possible loss of data
C:\Users\Marko Miloradovic\OneDrive\Radna površina\Grafika - Zadaci\04.12.2009\04.12.2009\04.12.2009View.cpp(120,52): warning C4244: 'argument': conversion from 'double' to 'int', possible loss of data
C:\Users\Marko Miloradovic\OneDrive\Radna površina\Grafika - Zadaci\04.12.2009\04.12.2009\04.12.2009View.cpp(120,30): warning C4244: 'argument': conversion from 'double' to 'int', possible loss of data
C:\Users\Marko Miloradovic\OneDrive\Radna površina\Grafika - Zadaci\04.12.2009\04.12.2009\04.12.2009View.cpp(122,73): warning C4244: 'argument': conversion from 'double' to 'int', possible loss of data
C:\Users\Marko Miloradovic\OneDrive\Radna površina\Grafika - Zadaci\04.12.2009\04.12.2009\04.12.2009View.cpp(122,52): warning C4244: 'argument': conversion from 'double' to 'int', possible loss of data
C:\Users\Marko Miloradovic\OneDrive\Radna površina\Grafika - Zadaci\04.12.2009\04.12.2009\04.12.2009View.cpp(122,30): warning C4244: 'argument': conversion from 'double' to 'int', possible loss of data
C:\Users\Marko Miloradovic\OneDrive\Radna površina\Grafika - Zadaci\04.12.2009\04.12.2009\04.12.2009View.cpp(123,73): warning C4244: 'argument': conversion from 'double' to 'int', possible loss of data
C:\Users\Marko Miloradovic\OneDrive\Radna površina\Grafika - Zadaci\04.12.2009\04.12.2009\04.12.2009View.cpp(123,52): warning C4244: 'argument': conversion from 'double' to 'int', possible loss of data
C:\Users\Marko Miloradovic\OneDrive\Radna površina\Grafika - Zadaci\04.12.2009\04.12.2009\04.12.2009View.cpp(123,30): warning C4244: 'argument': conversion from 'double' to 'int', possible loss of data
C:\Users\Marko Miloradovic\OneDrive\Radna površina\Grafika - Zadaci\04.12.2009\04.12.2009\04.12.2009View.cpp(125,73): warning C4244: 'argument': conversion from 'double' to 'int', possible loss of data
C:\Users\Marko Miloradovic\OneDrive\Radna površina\Grafika - Zadaci\04.12.2009\04.12.2009\04.12.2009View.cpp(125,52): warning C4244: 'argument': conversion from 'double' to 'int', possible loss of data
C:\Users\Marko Miloradovic\OneDrive\Radna površina\Grafika - Zadaci\04.12.2009\04.12.2009\04.12.2009View.cpp(125,30): warning C4244: 'argument': conversion from 'double' to 'int', possible loss of data
C:\Users\Marko Miloradovic\OneDrive\Radna površina\Grafika - Zadaci\04.12.2009\04.12.2009\04.12.2009View.cpp(126,73): warning C4244: 'argument': conversion from 'double' to 'int', possible loss of data
C:\Users\Marko Miloradovic\OneDrive\Radna površina\Grafika - Zadaci\04.12.2009\04.12.2009\04.12.2009View.cpp(126,52): warning C4244: 'argument': conversion from 'double' to 'int', possible loss of data
C:\Users\Marko Miloradovic\OneDrive\Radna površina\Grafika - Zadaci\04.12.2009\04.12.2009\04.12.2009View.cpp(126,30): warning C4244: 'argument': conversion from 'double' to 'int', possible loss of data
C:\Users\Marko Miloradovic\OneDrive\Radna površina\Grafika - Zadaci\04.12.2009\04.12.2009\04.12.2009View.cpp(135,37): warning C4244: 'argument': conversion from 'double' to 'int', possible loss of data
C:\Users\Marko Miloradovic\OneDrive\Radna površina\Grafika - Zadaci\04.12.2009\04.12.2009\04.12.2009View.cpp(137,36): warning C4244: 'argument': conversion from 'double' to 'int', possible loss of data
C:\Users\Marko Miloradovic\OneDrive\Radna površina\Grafika - Zadaci\04.12.2009\04.12.2009\04.12.2009View.cpp(146,74): warning C4244: 'argument': conversion from 'double' to 'int', possible loss of data
C:\Users\Marko Miloradovic\OneDrive\Radna površina\Grafika - Zadaci\04.12.2009\04.12.2009\04.12.2009View.cpp(149,41): warning C4244: 'argument': conversion from 'double' to 'int', possible loss of data
C:\Users\Marko Miloradovic\OneDrive\Radna površina\Grafika - Zadaci\04.12.2009\04.12.2009\04.12.2009View.cpp(150,41): warning C4244: 'argument': conversion from 'double' to 'int', possible loss of data
C:\Users\Marko Miloradovic\OneDrive\Radna površina\Grafika - Zadaci\04.12.2009\04.12.2009\04.12.2009View.cpp(164,62): warning C4244: 'argument': conversion from 'double' to 'int', possible loss of data
C:\Users\Marko Miloradovic\OneDrive\Radna površina\Grafika - Zadaci\04.12.2009\04.12.2009\04.12.2009View.cpp(164,40): warning C4244: 'argument': conversion from 'double' to 'int', possible loss of data
C:\Users\Marko Miloradovic\OneDrive\Radna površina\Grafika - Zadaci\04.12.2009\04.12.2009\04.12.2009View.cpp(168,61): warning C4244: 'argument': conversion from 'double' to 'int', possible loss of data
C:\Users\Marko Miloradovic\OneDrive\Radna površina\Grafika - Zadaci\04.12.2009\04.12.2009\04.12.2009View.cpp(168,39): warning C4244: 'argument': conversion from 'double' to 'int', possible loss of data
C:\Users\Marko Miloradovic\OneDrive\Radna površina\Grafika - Zadaci\04.12.2009\04.12.2009\04.12.2009View.cpp(169,61): warning C4244: 'argument': conversion from 'double' to 'int', possible loss of data
C:\Users\Marko Miloradovic\OneDrive\Radna površina\Grafika - Zadaci\04.12.2009\04.12.2009\04.12.2009View.cpp(169,39): warning C4244: 'argument': conversion from 'double' to 'int', possible loss of data
C:\Users\Marko Miloradovic\OneDrive\Radna površina\Grafika - Zadaci\04.12.2009\04.12.2009\04.12.2009View.cpp(170,62): warning C4244: 'argument': conversion from 'double' to 'int', possible loss of data
C:\Users\Marko Miloradovic\OneDrive\Radna površina\Grafika - Zadaci\04.12.2009\04.12.2009\04.12.2009View.cpp(170,39): warning C4244: 'argument': conversion from 'double' to 'int', possible loss of data
C:\Users\Marko Miloradovic\OneDrive\Radna površina\Grafika - Zadaci\04.12.2009\04.12.2009\04.12.2009View.cpp(175,87): warning C4244: 'argument': conversion from 'int' to 'float', possible loss of data
C:\Users\Marko Miloradovic\OneDrive\Radna površina\Grafika - Zadaci\04.12.2009\04.12.2009\04.12.2009View.cpp(175,53): warning C4244: 'argument': conversion from 'double' to 'float', possible loss of data
C:\Users\Marko Miloradovic\OneDrive\Radna površina\Grafika - Zadaci\04.12.2009\04.12.2009\04.12.2009View.cpp(177,61): warning C4244: 'argument': conversion from 'double' to 'int', possible loss of data
C:\Users\Marko Miloradovic\OneDrive\Radna površina\Grafika - Zadaci\04.12.2009\04.12.2009\04.12.2009View.cpp(177,39): warning C4244: 'argument': conversion from 'double' to 'int', possible loss of data
C:\Users\Marko Miloradovic\OneDrive\Radna površina\Grafika - Zadaci\04.12.2009\04.12.2009\04.12.2009View.cpp(218,12): warning C4244: '=': conversion from 'LONG' to 'FLOAT', possible loss of data
C:\Users\Marko Miloradovic\OneDrive\Radna površina\Grafika - Zadaci\04.12.2009\04.12.2009\04.12.2009View.cpp(219,12): warning C4244: '=': conversion from 'LONG' to 'FLOAT', possible loss of data
C:\Users\Marko Miloradovic\OneDrive\Radna površina\Grafika - Zadaci\04.12.2009\04.12.2009\04.12.2009View.cpp(222,16): warning C4244: '=': conversion from 'double' to 'FLOAT', possible loss of data
C:\Users\Marko Miloradovic\OneDrive\Radna površina\Grafika - Zadaci\04.12.2009\04.12.2009\04.12.2009View.cpp(223,16): warning C4244: '=': conversion from 'double' to 'FLOAT', possible loss of data
C:\Users\Marko Miloradovic\OneDrive\Radna površina\Grafika - Zadaci\04.12.2009\04.12.2009\04.12.2009View.cpp(224,13): warning C4244: '=': conversion from 'double' to 'FLOAT', possible loss of data
C:\Users\Marko Miloradovic\OneDrive\Radna površina\Grafika - Zadaci\04.12.2009\04.12.2009\04.12.2009View.cpp(225,16): warning C4244: '=': conversion from 'double' to 'FLOAT', possible loss of data
C:\Users\Marko Miloradovic\OneDrive\Radna površina\Grafika - Zadaci\04.12.2009\04.12.2009\04.12.2009View.cpp(226,17): warning C4244: '=': conversion from 'LONG' to 'FLOAT', possible loss of data
C:\Users\Marko Miloradovic\OneDrive\Radna površina\Grafika - Zadaci\04.12.2009\04.12.2009\04.12.2009View.cpp(227,17): warning C4244: '=': conversion from 'LONG' to 'FLOAT', possible loss of data
C:\Users\Marko Miloradovic\OneDrive\Radna površina\Grafika - Zadaci\04.12.2009\04.12.2009\04.12.2009View.cpp(211,20): warning C4101: 'skaliraj': unreferenced local variable
C:\Users\Marko Miloradovic\OneDrive\Radna površina\Grafika - Zadaci\04.12.2009\04.12.2009\04.12.2009View.cpp(211,35): warning C4101: 'ret': unreferenced local variable
C:\Users\Marko Miloradovic\OneDrive\Radna površina\Grafika - Zadaci\04.12.2009\04.12.2009\04.12.2009View.cpp(238,17): warning C4244: '=': conversion from 'double' to 'FLOAT', possible loss of data
C:\Users\Marko Miloradovic\OneDrive\Radna površina\Grafika - Zadaci\04.12.2009\04.12.2009\04.12.2009View.cpp(239,17): warning C4244: '=': conversion from 'double' to 'FLOAT', possible loss of data
C:\Users\Marko Miloradovic\OneDrive\Radna površina\Grafika - Zadaci\04.12.2009\04.12.2009\04.12.2009View.cpp(240,14): warning C4244: '=': conversion from 'double' to 'FLOAT', possible loss of data
C:\Users\Marko Miloradovic\OneDrive\Radna površina\Grafika - Zadaci\04.12.2009\04.12.2009\04.12.2009View.cpp(241,17): warning C4244: '=': conversion from 'double' to 'FLOAT', possible loss of data
C:\Users\Marko Miloradovic\OneDrive\Radna površina\Grafika - Zadaci\04.12.2009\04.12.2009\04.12.2009View.cpp(266,17): warning C4244: '=': conversion from 'double' to 'FLOAT', possible loss of data
C:\Users\Marko Miloradovic\OneDrive\Radna površina\Grafika - Zadaci\04.12.2009\04.12.2009\04.12.2009View.cpp(267,17): warning C4244: '=': conversion from 'double' to 'FLOAT', possible loss of data
C:\Users\Marko Miloradovic\OneDrive\Radna površina\Grafika - Zadaci\04.12.2009\04.12.2009\04.12.2009View.cpp(268,14): warning C4244: '=': conversion from 'double' to 'FLOAT', possible loss of data
C:\Users\Marko Miloradovic\OneDrive\Radna površina\Grafika - Zadaci\04.12.2009\04.12.2009\04.12.2009View.cpp(269,17): warning C4244: '=': conversion from 'double' to 'FLOAT', possible loss of data
  04.12.2009.vcxproj -> C:\Users\Marko Miloradovic\OneDrive\Radna površina\Grafika - Zadaci\04.12.2009\Debug\04.12.2009.exe
